

HI-TECH Software 8051 Macro Assembler V9.60                                Page 1
                                                       Mon Mar 20 12:53:37 2023

     1                           	psect	idata,class=DATA,space=1,limit=080h
     2                           	psect	irdata,class=DATA,limit=080h
     3                           	global	_print1stline
     4                           	signat	_print1stline,8312
     5                           	global	stack_internal
     6                           	psect	text,class=CODE
     7                           	psect	text
     8                           	file	"C:\Users\biche\OneDrive\F0A5~1\3DB85~1\PR
                                 ACTI~1\17831~1\main.c"
     9                           	line	4
    10  00102                     _print1stline:
    11  00102  02 01FB            	j	f1411
    12  00105                     f1410:
    13                           ;main.c: 3: void print1stline(int p, int counter
                                 )
    14                           
    15                           ;main.c: 4: {
    16                           
    17                           ;	var   _i assigned to ?a_print1stline+0
    18                           ;main.c: 5: int i = 0;
    19                           
    20                           	line	5
    21  00105  E4                 	clr	a
    22  00106  F5 2C              	mov	?a_print1stline+0,a
    23  00108  F5 2D              	mov	?a_print1stline+0+1,a
    24                           ;main.c: 6: P0 = 0x99 - counter;
    25                           
    26                           	line	6
    27  0010A  74 99              	mov	a,#-103
    28  0010C  C3                 	clr	c
    29  0010D  9B                 	subb	a,r3
    30  0010E  F5 80              	mov	080h,a
    31                           ;main.c: 7: P2 = 0x1;
    32                           
    33                           	line	7
    34  00110  75 A0 01           	mov	0A0h,#1
    35                           ;main.c: 8: P2 = 0x0;
    36                           
    37                           	line	8
    38  00113  75 A0 00           	mov	0A0h,#0
    39                           ;main.c: 10: for (i = 0; i < p; i++){
    40                           
    41                           	line	10
    42  00116  E4                 	clr	a
    43  00117  F5 2C              	mov	?a_print1stline+0,a
    44  00119  F5 2D              	mov	?a_print1stline+0+1,a
    45                           ;	var   _counter assigned to ?a_print1stline+2
    46                           ;_counter stored from WR1
    47  0011B  8A 2E              	mov	?a_print1stline+2,r2
    48  0011D  8B 2F              	mov	?a_print1stline+2+1,r3
    49                           ;	var   _p assigned to ?a_print1stline+4
    50                           ;_p stored from WR2
    51  0011F  8C 30              	mov	?a_print1stline+4,r4
    52  00121  8D 31              	mov	?a_print1stline+4+1,r5
    53  00123  02 01E2            	jmp	l6
    54  00126                     l3:
    55                           ;main.c: 11: if (i == 0) {P0 = 0xB9; P2 = 0x3; P
                                 2 = 0x2; }
    56                           
    57                           	line	11
    58  00126  E5 2D              	mov	a,?a_print1stline+0+1
    59  00128  45 2C              	orl	a,?a_print1stline+0
    60  0012A  70 02              	bnz	u11
    61  0012C  80 02              	jmp	u10
    62  0012E                     u11:
    63  0012E  80 09              	jmp	l7
    64  00130                     u10:
    65  00130  75 80 B9           	mov	080h,#185
    66  00133  75 A0 03           	mov	0A0h,#3
    67  00136  75 A0 02           	mov	0A0h,#2
    68  00139                     l7:
    69                           ;main.c: 12: if (i == 1) {P0 = 0xA0; P2 = 0x3; P
                                 2 = 0x2; }
    70                           
    71                           	line	12
    72  00139  E5 2D              	mov	a,?a_print1stline+0+1
    73  0013B  B4 01 07           	cbne	a,#low (1),u21
    74  0013E  E5 2C              	mov	a,?a_print1stline+0
    75  00140  B4 00 02           	cbne	a,#high (1),u21
    76  00143  80 02              	jmp	u20
    77  00145                     u21:
    78  00145  80 09              	jmp	l8
    79  00147                     u20:
    80  00147  75 80 A0           	mov	080h,#160
    81  0014A  75 A0 03           	mov	0A0h,#3
    82  0014D  75 A0 02           	mov	0A0h,#2
    83  00150                     l8:
    84                           ;main.c: 13: if (i == 2) {P0 = 0xA1; P2 = 0x3; P
                                 2 = 0x2; }
    85                           
    86                           	line	13
    87  00150  E5 2D              	mov	a,?a_print1stline+0+1
    88  00152  B4 02 07           	cbne	a,#low (2),u31
    89  00155  E5 2C              	mov	a,?a_print1stline+0
    90  00157  B4 00 02           	cbne	a,#high (2),u31
    91  0015A  80 02              	jmp	u30
    92  0015C                     u31:
    93  0015C  80 09              	jmp	l9
    94  0015E                     u30:
    95  0015E  75 80 A1           	mov	080h,#161
    96  00161  75 A0 03           	mov	0A0h,#3
    97  00164  75 A0 02           	mov	0A0h,#2
    98  00167                     l9:
    99                           ;main.c: 14: if (i == 3) {P0 = 0xA0; P2 = 0x3; P
                                 2 = 0x2; }
   100                           
   101                           	line	14
   102  00167  E5 2D              	mov	a,?a_print1stline+0+1
   103  00169  B4 03 07           	cbne	a,#low (3),u41
   104  0016C  E5 2C              	mov	a,?a_print1stline+0
   105  0016E  B4 00 02           	cbne	a,#high (3),u41
   106  00171  80 02              	jmp	u40
   107  00173                     u41:
   108  00173  80 09              	jmp	l10
   109  00175                     u40:
   110  00175  75 80 A0           	mov	080h,#160
   111  00178  75 A0 03           	mov	0A0h,#3
   112  0017B  75 A0 02           	mov	0A0h,#2
   113  0017E                     l10:
   114                           ;main.c: 15: if (i == 4) {P0 = 0xB1; P2 = 0x3; P
                                 2 = 0x2; }
   115                           
   116                           	line	15
   117  0017E  E5 2D              	mov	a,?a_print1stline+0+1
   118  00180  B4 04 07           	cbne	a,#low (4),u51
   119  00183  E5 2C              	mov	a,?a_print1stline+0
   120  00185  B4 00 02           	cbne	a,#high (4),u51
   121  00188  80 02              	jmp	u50
   122  0018A                     u51:
   123  0018A  80 09              	jmp	l11
   124  0018C                     u50:
   125  0018C  75 80 B1           	mov	080h,#177
   126  0018F  75 A0 03           	mov	0A0h,#3
   127  00192  75 A0 02           	mov	0A0h,#2
   128  00195                     l11:
   129                           ;main.c: 16: if (i == 5) {P0 = 0xA4; P2 = 0x3; P
                                 2 = 0x2; }
   130                           
   131                           	line	16
   132  00195  E5 2D              	mov	a,?a_print1stline+0+1
   133  00197  B4 05 07           	cbne	a,#low (5),u61
   134  0019A  E5 2C              	mov	a,?a_print1stline+0
   135  0019C  B4 00 02           	cbne	a,#high (5),u61
   136  0019F  80 02              	jmp	u60
   137  001A1                     u61:
   138  001A1  80 09              	jmp	l12
   139  001A3                     u60:
   140  001A3  75 80 A4           	mov	080h,#164
   141  001A6  75 A0 03           	mov	0A0h,#3
   142  001A9  75 A0 02           	mov	0A0h,#2
   143  001AC                     l12:
   144                           ;main.c: 17: if (i == 6) {P0 = 0xA9; P2 = 0x3; P
                                 2 = 0x2; }
   145                           
   146                           	line	17
   147  001AC  E5 2D              	mov	a,?a_print1stline+0+1
   148  001AE  B4 06 07           	cbne	a,#low (6),u71
   149  001B1  E5 2C              	mov	a,?a_print1stline+0
   150  001B3  B4 00 02           	cbne	a,#high (6),u71
   151  001B6  80 02              	jmp	u70
   152  001B8                     u71:
   153  001B8  80 09              	jmp	l13
   154  001BA                     u70:
   155  001BA  75 80 A9           	mov	080h,#169
   156  001BD  75 A0 03           	mov	0A0h,#3
   157  001C0  75 A0 02           	mov	0A0h,#2
   158  001C3                     l13:
   159                           ;main.c: 18: if (i == 7) {P0 = 0xAE; P2 = 0x3; P
                                 2 = 0x2; }
   160                           
   161                           	line	18
   162  001C3  E5 2D              	mov	a,?a_print1stline+0+1
   163  001C5  B4 07 07           	cbne	a,#low (7),u81
   164  001C8  E5 2C              	mov	a,?a_print1stline+0
   165  001CA  B4 00 02           	cbne	a,#high (7),u81
   166  001CD  80 02              	jmp	u80
   167  001CF                     u81:
   168  001CF  80 09              	jmp	l14
   169  001D1                     u80:
   170  001D1  75 80 AE           	mov	080h,#174
   171  001D4  75 A0 03           	mov	0A0h,#3
   172  001D7  75 A0 02           	mov	0A0h,#2
   173  001DA                     l14:
   174                           	line	10
   175  001DA  05 2D              	inc	?a_print1stline+0+1
   176  001DC  E5 2D              	mov	a,?a_print1stline+0+1
   177  001DE  70 02              	jnz	u90
   178  001E0  05 2C              	inc	?a_print1stline+0
   179  001E2                     u90:
   180  001E2                     l6:
   181  001E2  C3                 	clr	c
   182  001E3  E5 2D              	mov	a,?a_print1stline+0+1
   183  001E5  95 31              	subb	a,?a_print1stline+4+1
   184  001E7  85 30  F0          	mov	b,?a_print1stline+4
   185  001EA  63 F0 80           	xrl	b,#80h
   186  001ED  E5 2C              	mov	a,?a_print1stline+0
   187  001EF  64 80              	xrl	a,#80h
   188  001F1  95 F0              	subb	a,b
   189  001F3  40 02              	bc	u101
   190  001F5  80 03              	jmp	u100
   191  001F7                     u101:
   192  001F7  02 0126            	jmp	l3
   193  001FA                     u100:
   194  001FA                     l4:
   195                           ;main.c: 19: }
   196                           
   197                           ;main.c: 21: }
   198                           
   199                           	line	21
   200  001FA                     l2:
   201  001FA  22                 	ret
   202  001FB                     f1411:
   203  001FB  02 0105            	j	f1410
   204                           	FNSIZE	_print1stline,6,0
   205                           	global	?a_print1stline
   206  0000                     f1412	equ	0
   207                           	global	_print2ndline
   208                           	signat	_print2ndline,88
   209                           	line	23
   210  001FE                     _print2ndline:
   211  001FE  02 0378            	j	f1421
   212  00201                     f1420:
   213                           ;main.c: 22: void print2ndline()
   214                           
   215                           ;main.c: 23: {
   216                           
   217                           ;	var   _i assigned to ?a_print2ndline+0
   218                           ;main.c: 24: int i = 0;
   219                           
   220                           	line	24
   221  00201  E4                 	clr	a
   222  00202  F5 2C              	mov	?a_print2ndline+0,a
   223  00204  F5 2D              	mov	?a_print2ndline+0+1,a
   224                           ;main.c: 25: P0 = 0xC0;
   225                           
   226                           	line	25
   227  00206  75 80 C0           	mov	080h,#192
   228                           ;main.c: 26: P2 = 0x1;
   229                           
   230                           	line	26
   231  00209  75 A0 01           	mov	0A0h,#1
   232                           ;main.c: 27: P2 = 0x0;
   233                           
   234                           	line	27
   235  0020C  75 A0 00           	mov	0A0h,#0
   236                           ;main.c: 28: P0 = 0x6;
   237                           
   238                           	line	28
   239  0020F  75 80 06           	mov	080h,#6
   240                           ;main.c: 29: P2 = 0x1;
   241                           
   242                           	line	29
   243  00212  75 A0 01           	mov	0A0h,#1
   244                           ;main.c: 30: P2 = 0x0;
   245                           
   246                           	line	30
   247  00215  75 A0 00           	mov	0A0h,#0
   248                           ;main.c: 31: for (i = 0; i < 9; i++){
   249                           
   250                           	line	31
   251  00218  E4                 	clr	a
   252  00219  F5 2C              	mov	?a_print2ndline+0,a
   253  0021B  F5 2D              	mov	?a_print2ndline+0+1,a
   254  0021D  E5 2D              	mov	a,?a_print2ndline+0+1
   255  0021F  24 F7              	add	a,#low -(9)
   256  00221  E5 2C              	mov	a,?a_print2ndline+0
   257  00223  64 80              	xrl	a,#80h
   258  00225  34 7F              	addc	a,#(high -(9))xor 80h
   259  00227  50 02              	bnc	u111
   260  00229  80 02              	jmp	u110
   261  0022B                     u111:
   262  0022B  80 03              	jmp	l16
   263  0022D                     u110:
   264  0022D  02 036E            	jmp	l17
   265  00230                     l16:
   266                           ;main.c: 32: if (i == 0) {P0 = 0xA0; P2 = 0x3; P
                                 2 = 0x2; P0 = " "; P2 = 0x3; P2 = 0x2;}
   267                           
   268                           	line	32
   269  00230  E5 2D              	mov	a,?a_print2ndline+0+1
   270  00232  45 2C              	orl	a,?a_print2ndline+0
   271  00234  70 02              	bnz	u121
   272  00236  80 02              	jmp	u120
   273  00238                     u121:
   274  00238  80 13              	jmp	l19
   275  0023A                     u120:
   276  0023A  75 80 A0           	mov	080h,#160
   277  0023D  75 A0 03           	mov	0A0h,#3
   278  00240  75 A0 02           	mov	0A0h,#2
   279  00243  74 00              	mov	a,#low(0+u19)
   280  00245  F5 80              	mov	080h,a
   281  00247  75 A0 03           	mov	0A0h,#3
   282  0024A  75 A0 02           	mov	0A0h,#2
   283  0024D                     l19:
   284                           ;main.c: 33: if (i == 1) {P0 = 0xAC; P2 = 0x3; P
                                 2 = 0x2; P0 = " "; P2 = 0x3; P2 = 0x2;}
   285                           
   286                           	line	33
   287  0024D  E5 2D              	mov	a,?a_print2ndline+0+1
   288  0024F  B4 01 07           	cbne	a,#low (1),u131
   289  00252  E5 2C              	mov	a,?a_print2ndline+0
   290  00254  B4 00 02           	cbne	a,#high (1),u131
   291  00257  80 02              	jmp	u130
   292  00259                     u131:
   293  00259  80 13              	jmp	l20
   294  0025B                     u130:
   295  0025B  75 80 AC           	mov	080h,#172
   296  0025E  75 A0 03           	mov	0A0h,#3
   297  00261  75 A0 02           	mov	0A0h,#2
   298  00264  74 00              	mov	a,#low(0+u29)
   299  00266  F5 80              	mov	080h,a
   300  00268  75 A0 03           	mov	0A0h,#3
   301  0026B  75 A0 02           	mov	0A0h,#2
   302  0026E                     l20:
   303                           ;main.c: 34: if (i == 2) {P0 = 0xA5; P2 = 0x3; P
                                 2 = 0x2; P0 = " "; P2 = 0x3; P2 = 0x2;}
   304                           
   305                           	line	34
   306  0026E  E5 2D              	mov	a,?a_print2ndline+0+1
   307  00270  B4 02 07           	cbne	a,#low (2),u141
   308  00273  E5 2C              	mov	a,?a_print2ndline+0
   309  00275  B4 00 02           	cbne	a,#high (2),u141
   310  00278  80 02              	jmp	u140
   311  0027A                     u141:
   312  0027A  80 13              	jmp	l21
   313  0027C                     u140:
   314  0027C  75 80 A5           	mov	080h,#165
   315  0027F  75 A0 03           	mov	0A0h,#3
   316  00282  75 A0 02           	mov	0A0h,#2
   317  00285  74 00              	mov	a,#low(0+u39)
   318  00287  F5 80              	mov	080h,a
   319  00289  75 A0 03           	mov	0A0h,#3
   320  0028C  75 A0 02           	mov	0A0h,#2
   321  0028F                     l21:
   322                           ;main.c: 35: if (i == 3) {P0 = 0xAB; P2 = 0x3; P
                                 2 = 0x2; P0 = " "; P2 = 0x3; P2 = 0x2;}
   323                           
   324                           	line	35
   325  0028F  E5 2D              	mov	a,?a_print2ndline+0+1
   326  00291  B4 03 07           	cbne	a,#low (3),u151
   327  00294  E5 2C              	mov	a,?a_print2ndline+0
   328  00296  B4 00 02           	cbne	a,#high (3),u151
   329  00299  80 02              	jmp	u150
   330  0029B                     u151:
   331  0029B  80 13              	jmp	l22
   332  0029D                     u150:
   333  0029D  75 80 AB           	mov	080h,#171
   334  002A0  75 A0 03           	mov	0A0h,#3
   335  002A3  75 A0 02           	mov	0A0h,#2
   336  002A6  74 00              	mov	a,#low(0+u49)
   337  002A8  F5 80              	mov	080h,a
   338  002AA  75 A0 03           	mov	0A0h,#3
   339  002AD  75 A0 02           	mov	0A0h,#2
   340  002B0                     l22:
   341                           ;main.c: 36: if (i == 4) {P0 = 0xB2; P2 = 0x3; P
                                 2 = 0x2; P0 = " "; P2 = 0x3; P2 = 0x2;}
   342                           
   343                           	line	36
   344  002B0  E5 2D              	mov	a,?a_print2ndline+0+1
   345  002B2  B4 04 07           	cbne	a,#low (4),u161
   346  002B5  E5 2C              	mov	a,?a_print2ndline+0
   347  002B7  B4 00 02           	cbne	a,#high (4),u161
   348  002BA  80 02              	jmp	u160
   349  002BC                     u161:
   350  002BC  80 13              	jmp	l23
   351  002BE                     u160:
   352  002BE  75 80 B2           	mov	080h,#178
   353  002C1  75 A0 03           	mov	0A0h,#3
   354  002C4  75 A0 02           	mov	0A0h,#2
   355  002C7  74 00              	mov	a,#low(0+u59)
   356  002C9  F5 80              	mov	080h,a
   357  002CB  75 A0 03           	mov	0A0h,#3
   358  002CE  75 A0 02           	mov	0A0h,#2
   359  002D1                     l23:
   360                           ;main.c: 37: if (i == 5) {P0 = 0xA0; P2 = 0x3; P
                                 2 = 0x2; P0 = " "; P2 = 0x3; P2 = 0x2;}
   361                           
   362                           	line	37
   363  002D1  E5 2D              	mov	a,?a_print2ndline+0+1
   364  002D3  B4 05 07           	cbne	a,#low (5),u171
   365  002D6  E5 2C              	mov	a,?a_print2ndline+0
   366  002D8  B4 00 02           	cbne	a,#high (5),u171
   367  002DB  80 02              	jmp	u170
   368  002DD                     u171:
   369  002DD  80 13              	jmp	l24
   370  002DF                     u170:
   371  002DF  75 80 A0           	mov	080h,#160
   372  002E2  75 A0 03           	mov	0A0h,#3
   373  002E5  75 A0 02           	mov	0A0h,#2
   374  002E8  74 00              	mov	a,#low(0+u69)
   375  002EA  F5 80              	mov	080h,a
   376  002EC  75 A0 03           	mov	0A0h,#3
   377  002EF  75 A0 02           	mov	0A0h,#2
   378  002F2                     l24:
   379                           ;main.c: 38: if (i == 6) {P0 = 0xAE; P2 = 0x3; P
                                 2 = 0x2; P0 = " "; P2 = 0x3; P2 = 0x2;}
   380                           
   381                           	line	38
   382  002F2  E5 2D              	mov	a,?a_print2ndline+0+1
   383  002F4  B4 06 07           	cbne	a,#low (6),u181
   384  002F7  E5 2C              	mov	a,?a_print2ndline+0
   385  002F9  B4 00 02           	cbne	a,#high (6),u181
   386  002FC  80 02              	jmp	u180
   387  002FE                     u181:
   388  002FE  80 13              	jmp	l25
   389  00300                     u180:
   390  00300  75 80 AE           	mov	080h,#174
   391  00303  75 A0 03           	mov	0A0h,#3
   392  00306  75 A0 02           	mov	0A0h,#2
   393  00309  74 00              	mov	a,#low(0+u79)
   394  0030B  F5 80              	mov	080h,a
   395  0030D  75 A0 03           	mov	0A0h,#3
   396  00310  75 A0 02           	mov	0A0h,#2
   397  00313                     l25:
   398                           ;main.c: 39: if (i == 7) {P0 = 0xA4; P2 = 0x3; P
                                 2 = 0x2; P0 = " "; P2 = 0x3; P2 = 0x2;}
   399                           
   400                           	line	39
   401  00313  E5 2D              	mov	a,?a_print2ndline+0+1
   402  00315  B4 07 07           	cbne	a,#low (7),u191
   403  00318  E5 2C              	mov	a,?a_print2ndline+0
   404  0031A  B4 00 02           	cbne	a,#high (7),u191
   405  0031D  80 02              	jmp	u190
   406  0031F                     u191:
   407  0031F  80 13              	jmp	l26
   408  00321                     u190:
   409  00321  75 80 A4           	mov	080h,#164
   410  00324  75 A0 03           	mov	0A0h,#3
   411  00327  75 A0 02           	mov	0A0h,#2
   412  0032A  74 00              	mov	a,#low(0+u89)
   413  0032C  F5 80              	mov	080h,a
   414  0032E  75 A0 03           	mov	0A0h,#3
   415  00331  75 A0 02           	mov	0A0h,#2
   416  00334                     l26:
   417                           ;main.c: 40: if (i == 8) {P0 = 0xB1; P2 = 0x3; P
                                 2 = 0x2; P0 = " "; P2 = 0x3; P2 = 0x2;}
   418                           
   419                           	line	40
   420  00334  E5 2D              	mov	a,?a_print2ndline+0+1
   421  00336  B4 08 07           	cbne	a,#low (8),u201
   422  00339  E5 2C              	mov	a,?a_print2ndline+0
   423  0033B  B4 00 02           	cbne	a,#high (8),u201
   424  0033E  80 02              	jmp	u200
   425  00340                     u201:
   426  00340  80 13              	jmp	l27
   427  00342                     u200:
   428  00342  75 80 B1           	mov	080h,#177
   429  00345  75 A0 03           	mov	0A0h,#3
   430  00348  75 A0 02           	mov	0A0h,#2
   431  0034B  74 00              	mov	a,#low(0+u99)
   432  0034D  F5 80              	mov	080h,a
   433  0034F  75 A0 03           	mov	0A0h,#3
   434  00352  75 A0 02           	mov	0A0h,#2
   435  00355                     l27:
   436                           	line	31
   437  00355  05 2D              	inc	?a_print2ndline+0+1
   438  00357  E5 2D              	mov	a,?a_print2ndline+0+1
   439  00359  70 02              	jnz	u210
   440  0035B  05 2C              	inc	?a_print2ndline+0
   441  0035D                     u210:
   442  0035D  E5 2D              	mov	a,?a_print2ndline+0+1
   443  0035F  24 F7              	add	a,#low -(9)
   444  00361  E5 2C              	mov	a,?a_print2ndline+0
   445  00363  64 80              	xrl	a,#80h
   446  00365  34 7F              	addc	a,#(high -(9))xor 80h
   447  00367  50 02              	bnc	u221
   448  00369  80 03              	jmp	u220
   449  0036B                     u221:
   450  0036B  02 0230            	jmp	l16
   451  0036E                     u220:
   452  0036E                     l17:
   453                           ;main.c: 41: }
   454                           
   455                           ;main.c: 43: P0 = 0x01;
   456                           
   457                           	line	43
   458  0036E  75 80 01           	mov	080h,#1
   459                           ;main.c: 44: P2 = 0x0;
   460                           
   461                           	line	44
   462  00371  75 A0 00           	mov	0A0h,#0
   463                           ;main.c: 45: P2 = 0x1;
   464                           
   465                           	line	45
   466  00374  75 A0 01           	mov	0A0h,#1
   467                           ;main.c: 46: }
   468                           
   469                           	line	46
   470  00377                     l15:
   471  00377  22                 	ret
   472  00378                     f1421:
   473  00378  02 0201            	j	f1420
   474                           	FNSIZE	_print2ndline,2,0
   475                           	global	?a_print2ndline
   476  0000                     f1422	equ	0
   477                           	global	_main
   478                           	signat	_main,88
   479                           	line	50
   480  0037B                     _main:
   481  0037B  02 041A            	j	f1431
   482  0037E                     f1430:
   483                           ;main.c: 48: void main()
   484                           
   485                           ;main.c: 50: {
   486                           
   487                           ;	var   _i assigned to ?a_main+0
   488                           ;	var   _counter assigned to ?a_main+2
   489                           ;main.c: 51: unsigned int i, counter = 1, ShiftC
                                 ontroller = 0, p=1;
   490                           
   491                           	line	51
   492  0037E  75 24  00          	mov	?a_main+2,#high(1)
   493  00381  75 25  01          	mov	?a_main+2+1,#low(1)
   494                           ;	var   _ShiftController assigned to ?a_main+4
   495  00384  E4                 	clr	a
   496  00385  F5 26              	mov	?a_main+4,a
   497  00387  F5 27              	mov	?a_main+4+1,a
   498                           ;	var   _p assigned to ?a_main+6
   499  00389  75 28  00          	mov	?a_main+6,#high(1)
   500  0038C  75 29  01          	mov	?a_main+6+1,#low(1)
   501                           ;	var   _n assigned to ?a_main+8
   502                           ;main.c: 52: int n = 0x99;
   503                           
   504                           	line	52
   505  0038F  75 2A  00          	mov	?a_main+8,#high(153)
   506  00392  75 2B  99          	mov	?a_main+8+1,#low(153)
   507                           ;main.c: 53: P0 = 0x38;
   508                           
   509                           	line	53
   510  00395  75 80 38           	mov	080h,#56
   511                           ;main.c: 54: P2 = 0x1;
   512                           
   513                           	line	54
   514  00398  75 A0 01           	mov	0A0h,#1
   515                           ;main.c: 55: P2 = 0x0;
   516                           
   517                           	line	55
   518  0039B  75 A0 00           	mov	0A0h,#0
   519                           ;main.c: 56: P0 = 0x8A;
   520                           
   521                           	line	56
   522  0039E  75 80 8A           	mov	080h,#138
   523                           ;main.c: 57: P2 = 0x1;
   524                           
   525                           	line	57
   526  003A1  75 A0 01           	mov	0A0h,#1
   527                           ;main.c: 58: P2 = 0x0;
   528                           
   529                           	line	58
   530  003A4  75 A0 00           	mov	0A0h,#0
   531                           ;main.c: 60: while(1){
   532                           
   533                           	line	60
   534  003A7                     l30:
   535                           ;main.c: 61: print1stline(p, counter);
   536                           
   537                           	FNCALL	_main,_print1stline
   538                           	line	61
   539  003A7  AA 24              	mov	r2,?a_main+2
   540  003A9  AB 25              	mov	r3,?a_main+2+1
   541  003AB  AC 28              	mov	r4,?a_main+6
   542  003AD  AD 29              	mov	r5,?a_main+6+1
   543  003AF  12 0102            	lcall	_print1stline
   544                           
   545                           ;main.c: 62: print2ndline();
   546                           
   547                           	FNCALL	_main,_print2ndline
   548                           	line	62
   549  003B2  12 01FE            	lcall	_print2ndline
   550                           ;main.c: 63: P0 = 0x01;
   551                           
   552                           	line	63
   553  003B5  75 80 01           	mov	080h,#1
   554                           ;main.c: 64: P2 = 0x0;
   555                           
   556                           	line	64
   557  003B8  75 A0 00           	mov	0A0h,#0
   558                           ;main.c: 65: P2 = 0x1;
   559                           
   560                           	line	65
   561  003BB  75 A0 01           	mov	0A0h,#1
   562                           ;main.c: 66: counter++;
   563                           
   564                           	line	66
   565  003BE  05 25              	inc	?a_main+2+1
   566  003C0  E5 25              	mov	a,?a_main+2+1
   567  003C2  70 02              	jnz	u230
   568  003C4  05 24              	inc	?a_main+2
   569  003C6                     u230:
   570                           ;main.c: 67: if(p<8)
   571                           
   572                           	line	67
   573  003C6  E5 29              	mov	a,?a_main+6+1
   574  003C8  24 F8              	add	a,#low -(8)
   575  003CA  E5 28              	mov	a,?a_main+6
   576  003CC  34 FF              	addc	a,#high -(8)
   577  003CE  40 02              	bc	u241
   578  003D0  80 02              	jmp	u240
   579  003D2                     u241:
   580  003D2  80 08              	jmp	l32
   581  003D4                     u240:
   582                           ;main.c: 68: {
   583                           
   584                           ;main.c: 69: p++;
   585                           
   586                           	line	69
   587  003D4  05 29              	inc	?a_main+6+1
   588  003D6  E5 29              	mov	a,?a_main+6+1
   589  003D8  70 02              	jnz	u250
   590  003DA  05 28              	inc	?a_main+6
   591  003DC                     u250:
   592                           	line	70
   593  003DC                     l32:
   594                           ;main.c: 70: }
   595                           
   596                           ;main.c: 71: if (ShiftController == 0)
   597                           
   598                           	line	71
   599  003DC  E5 27              	mov	a,?a_main+4+1
   600  003DE  45 26              	orl	a,?a_main+4
   601  003E0  70 02              	bnz	u261
   602  003E2  80 02              	jmp	u260
   603  003E4                     u261:
   604  003E4  80 14              	jmp	l33
   605  003E6                     u260:
   606                           ;main.c: 72: {
   607                           
   608                           ;main.c: 73: ShiftController++;
   609                           
   610                           	line	73
   611  003E6  05 27              	inc	?a_main+4+1
   612  003E8  E5 27              	mov	a,?a_main+4+1
   613  003EA  70 02              	jnz	u270
   614  003EC  05 26              	inc	?a_main+4
   615  003EE                     u270:
   616                           ;main.c: 74: counter+=5;
   617                           
   618                           	line	74
   619  003EE  E5 25              	mov	a,?a_main+2+1
   620  003F0  24 05              	add	a,#05h
   621  003F2  F5 25              	mov	?a_main+2+1,a
   622  003F4  E5 24              	mov	a,?a_main+2
   623  003F6  34 00              	addc	a,#0
   624  003F8  F5 24              	mov	?a_main+2,a
   625                           	line	75
   626  003FA                     l33:
   627                           ;main.c: 75: }
   628                           
   629                           ;main.c: 76: if (counter == 26)
   630                           
   631                           	line	76
   632  003FA  E5 25              	mov	a,?a_main+2+1
   633  003FC  B4 1A 07           	cbne	a,#low (26),u281
   634  003FF  E5 24              	mov	a,?a_main+2
   635  00401  B4 00 02           	cbne	a,#high (26),u281
   636  00404  80 02              	jmp	u280
   637  00406                     u281:
   638  00406  80 0F              	jmp	l34
   639  00408                     u280:
   640                           ;main.c: 77: {
   641                           
   642                           ;main.c: 78: counter = 0;
   643                           
   644                           	line	78
   645  00408  E4                 	clr	a
   646  00409  F5 24              	mov	?a_main+2,a
   647  0040B  F5 25              	mov	?a_main+2+1,a
   648                           ;main.c: 79: p = 0;
   649                           
   650                           	line	79
   651  0040D  E4                 	clr	a
   652  0040E  F5 28              	mov	?a_main+6,a
   653  00410  F5 29              	mov	?a_main+6+1,a
   654                           ;main.c: 80: ShiftController = 0;
   655                           
   656                           	line	80
   657  00412  E4                 	clr	a
   658  00413  F5 26              	mov	?a_main+4,a
   659  00415  F5 27              	mov	?a_main+4+1,a
   660                           	line	81
   661  00417                     l34:
   662                           	line	83
   663  00417                     l29:
   664                           	line	60
   665  00417  80 8E              	jmp	l30
   666  00419                     l31:
   667                           ;main.c: 81: }
   668                           
   669                           ;main.c: 83: }
   670                           
   671                           ;main.c: 84: }
   672                           
   673                           	line	84
   674  00419                     l28:
   675  00419  22                 	ret
   676  0041A                     f1431:
   677  0041A  02 037E            	j	f1430
   678                           	FNSIZE	_main,10,0
   679                           	global	?a_main
   680  0000                     f1432	equ	0
   681                           	psect	strings,class=CODE
   682                           	psect	strings
   683  00100                     u79:
   684  00100                     u69:
   685  00100                     u99:
   686  00100                     u89:
   687  00100                     u59:
   688  00100                     u29:
   689  00100                     u19:
   690  00100                     u49:
   691  00100                     u39:
   692  00100  20 00              	db	32,0
   693  0000                     _A10	equ	162
   694  0000                     _A11	equ	163
   695  0000                     _A12	equ	164
   696  0000                     _A13	equ	165
   697  0000                     _A14	equ	166
   698  0000                     _A15	equ	167
   699  0000                     _A8	equ	160
   700  0000                     _A9	equ	161
   701  0000                     _AC	equ	214
   702  0000                     _ACC0	equ	224
   703  0000                     _ACC1	equ	225
   704  0000                     _ACC2	equ	226
   705  0000                     _ACC3	equ	227
   706  0000                     _ACC4	equ	228
   707  0000                     _ACC5	equ	229
   708  0000                     _ACC6	equ	230
   709  0000                     _ACC7	equ	231
   710  0000                     _AD0	equ	128
   711  0000                     _AD1	equ	129
   712  0000                     _AD2	equ	130
   713  0000                     _AD3	equ	131
   714  0000                     _AD4	equ	132
   715  0000                     _AD5	equ	133
   716  0000                     _AD6	equ	134
   717  0000                     _AD7	equ	135
   718  0000                     _B0	equ	240
   719  0000                     _B1	equ	241
   720  0000                     _B2	equ	242
   721  0000                     _B3	equ	243
   722  0000                     _B4	equ	244
   723  0000                     _B5	equ	245
   724  0000                     _B6	equ	246
   725  0000                     _B7	equ	247
   726  0000                     _CY	equ	215
   727  0000                     _EA	equ	175
   728  0000                     _ES	equ	172
   729  0000                     _ET0	equ	169
   730  0000                     _ET1	equ	171
   731  0000                     _EX0	equ	168
   732  0000                     _EX1	equ	170
   733  0000                     _F0	equ	213
   734  0000                     _IE0	equ	137
   735  0000                     _IE1	equ	139
   736  0000                     _INT0	equ	178
   737  0000                     _INT1	equ	179
   738  0000                     _IT0	equ	136
   739  0000                     _IT1	equ	138
   740  0000                     _OV	equ	210
   741  0000                     _P	equ	208
   742  0000                     _P00	equ	128
   743  0000                     _P01	equ	129
   744  0000                     _P02	equ	130
   745  0000                     _P03	equ	131
   746  0000                     _P04	equ	132
   747  0000                     _P05	equ	133
   748  0000                     _P06	equ	134
   749  0000                     _P07	equ	135
   750  0000                     _P10	equ	144
   751  0000                     _P11	equ	145
   752  0000                     _P12	equ	146
   753  0000                     _P13	equ	147
   754  0000                     _P14	equ	148
   755  0000                     _P15	equ	149
   756  0000                     _P16	equ	150
   757  0000                     _P17	equ	151
   758  0000                     _P20	equ	160
   759  0000                     _P21	equ	161
   760  0000                     _P22	equ	162
   761  0000                     _P23	equ	163
   762  0000                     _P24	equ	164
   763  0000                     _P25	equ	165
   764  0000                     _P26	equ	166
   765  0000                     _P27	equ	167
   766  0000                     _P30	equ	176
   767  0000                     _P31	equ	177
   768  0000                     _P32	equ	178
   769  0000                     _P33	equ	179
   770  0000                     _P34	equ	180
   771  0000                     _P35	equ	181
   772  0000                     _P36	equ	182
   773  0000                     _P37	equ	183
   774  0000                     _PS	equ	188
   775  0000                     _PT0	equ	185
   776  0000                     _PT1	equ	187
   777  0000                     _PX0	equ	184
   778  0000                     _PX1	equ	186
   779  0000                     _RB8	equ	154
   780  0000                     _RD	equ	183
   781  0000                     _REN	equ	156
   782  0000                     _RI	equ	152
   783  0000                     _RS0	equ	211
   784  0000                     _RS1	equ	212
   785  0000                     _RXD	equ	176
   786  0000                     _SM0	equ	159
   787  0000                     _SM1	equ	158
   788  0000                     _SM2	equ	157
   789  0000                     _T0	equ	180
   790  0000                     _T1	equ	181
   791  0000                     _TB8	equ	155
   792  0000                     _TF0	equ	141
   793  0000                     _TF1	equ	143
   794  0000                     _TI	equ	153
   795  0000                     _TR0	equ	140
   796  0000                     _TR1	equ	142
   797  0000                     _TXD	equ	177
   798  0000                     _WR	equ	182
   799  0000                     _ACC	equ	224
   800  0000                     _B	equ	240
   801  0000                     _DPH	equ	131
   802  0000                     _DPL	equ	130
   803  0000                     _IE	equ	168
   804  0000                     _IP	equ	184
   805  0000                     _P0	equ	128
   806  0000                     _P1	equ	144
   807  0000                     _P2	equ	160
   808  0000                     _P3	equ	176
   809  0000                     _PCON	equ	135
   810  0000                     _PSW	equ	208
   811  0000                     _SBUF	equ	153
   812  0000                     _SCON	equ	152
   813  0000                     _SP	equ	129
   814  0000                     _TCON	equ	136
   815  0000                     _TH0	equ	140
   816  0000                     _TH1	equ	141
   817  0000                     _TL0	equ	138
   818  0000                     _TL1	equ	139
   819  0000                     _TMOD	equ	137
   820  0000                     _ACC_BITS	equ	224
   821  0000                     _B_BITS	equ	240
   822  0000                     _IE_BITS	equ	168
   823  0000                     _IP_BITS	equ	184
   824  0000                     _P0_BITS	equ	128
   825  0000                     _P1_BITS	equ	144
   826  0000                     _P2_BITS	equ	160
   827  0000                     _P3_BITS	equ	176
   828  0000                     _PCON_BITS	equ	135
   829  0000                     _PSW_BITS	equ	208
   830  0000                     _SCON_BITS	equ	152
   831  0000                     _TCON_BITS	equ	136
   832  0000                     _TMOD_BITS	equ	137
   833                           	psect	rbss,class=DATA,space=1
   834                           	psect	rbss
   835                           	global	_end
   836  00020                     _end:
   837  00020                     	ds	2


HI-TECH Software 8051 Macro Assembler V9.60                                Page 2
Symbol Table                                           Mon Mar 20 12:53:37 2023

        ?a_main 00022               _B 000F0               l2 001FA  
             l3 00126               l4 001FA               _P 000D0  
             l6 001E2               l7 00139               l8 00150  
             l9 00167              _B0 000F0              _B1 000F1  
            _B2 000F2              _B3 000F3              _B4 000F4  
            _B5 000F5              _B6 000F6              _A8 000A0  
            _B7 000F7              _A9 000A1              _F0 000D5  
            _AC 000D6              l10 0017E              l11 00195  
            l20 0026E              l12 001AC              l21 0028F  
            l13 001C3              l30 003A7              l22 002B0  
            l14 001DA              _EA 000AF              l31 00419  
            l15 00377              l23 002D1              l32 003DC  
            l24 002F2              l16 00230              l33 003FA  
            l25 00313              l17 0036E              l34 00417  
            l26 00334              l27 00355              l19 0024D  
            _P0 00080              l28 00419              _P1 00090  
            l29 00417              _P2 000A0              _P3 000B0  
            _IE 000A8              _T0 000B4              _T1 000B5  
            _ES 000AC              _CY 000D7              _IP 000B8  
            _RD 000B7              u10 00130              u11 0012E  
            u20 00147              _RI 00098              u21 00145  
            u30 0015E              u31 0015C              u40 00175  
            _TI 00099              u41 00173              u50 0018C  
            _PS 000BC              u19 00100              u51 0018A  
            _OV 000D2              u60 001A3              u29 00100  
            u61 001A1              _SP 00081              u70 001BA  
            u39 00100              u71 001B8              u80 001D1  
            u49 00100              u81 001CF              u90 001E2  
            u59 00100              u69 00100              u79 00100  
            _WR 000B6              u89 00100              u99 00100  
        _B_BITS 000F0             _A10 000A2             _A11 000A3  
           _A12 000A4             _A13 000A5             _A14 000A6  
           _A15 000A7             _AD0 00080             _AD1 00081  
           _AD2 00082             _AD3 00083             _AD4 00084  
           _AD5 00085             _AD6 00086             _AD7 00087  
           _ACC 000E0             _P00 00080             _P01 00081  
           _P10 00090             _P02 00082             _P11 00091  
           _P03 00083             _P20 000A0             _P12 00092  
           _P04 00084             _P21 000A1             _P13 00093  
           _P05 00085             _P30 000B0             _P22 000A2  
           _P14 00094             _P06 00086             _P31 000B1  
           _P23 000A3             _P15 00095             _P07 00087  
           _P32 000B2             _P24 000A4             _P16 00096  
           _P33 000B3             _P25 000A5             _P17 00097  
           _P34 000B4             _P26 000A6             _P35 000B5  
           _P27 000A7             _P36 000B6             _P37 000B7  
           _IE0 00089             _IE1 0008B             _ET0 000A9  
           _ET1 000AB             _EX0 000A8             _EX1 000AA  
           _DPH 00083             _DPL 00082             _IT0 00088  
           _IT1 0008A             _RB8 0009A             u100 001FA  
           u101 001F7             u110 0022D             u111 0022B  
           u200 00342             u120 0023A             u201 00340  
           u121 00238             u210 0035D             u130 0025B  
           u131 00259             _TF0 0008D             _TB8 0009B  
           u220 0036E             u140 0027C             _TF1 0008F  
           u221 0036B             u141 0027A             u230 003C6  
           u150 0029D             u151 0029B             _TH0 0008C  
           u240 003D4             u160 002BE             _TH1 0008D  
           u241 003D2             u161 002BC             u250 003DC  
           u170 002DF             u171 002DD             u260 003E6  
           u180 00300             u261 003E4             u181 002FE  
           _SM0 0009F             u270 003EE             u190 00321  
           _SM1 0009E             u191 0031F             _TL0 0008A  
           _SM2 0009D             _PT0 000B9             u280 00408  
           _TL1 0008B             _PT1 000BB             u281 00406  
           _RS0 000D3             _RS1 000D4             _REN 0009C  
           _PX0 000B8             _PX1 000BA             _TR0 0008C  
           _TR1 0008E             _RXD 000B0             _PSW 000D0  
  _print2ndline 001FE             _TXD 000B1         _P0_BITS 00080  
       _P1_BITS 00090         _P2_BITS 000A0             _end 00020  
       _P3_BITS 000B0         _IE_BITS 000A8        _ACC_BITS 000E0  
  _print1stline 00102         _IP_BITS 000B8            f1410 00105  
          f1411 001FB            f1420 00201            f1412 00000  
          f1421 00378            f1430 0037E            f1422 00000  
          f1431 0041A            f1432 00000            _ACC0 000E0  
          _ACC1 000E1            _ACC2 000E2            _ACC3 000E3  
          _ACC4 000E4            _ACC5 000E5            _ACC6 000E6  
          _ACC7 000E7   stack_internal 00001            _INT0 000B2  
          _INT1 000B3            _PCON 00087            _SCON 00098  
          _SBUF 00099            _TCON 00088            _TMOD 00089  
          _main 0037B        _PSW_BITS 000D0  ?a_print2ndline 0002C  
?a_print1stline 0002C       _PCON_BITS 00087       _SCON_BITS 00098  
     _TCON_BITS 00088       _TMOD_BITS 00089  
